14:38:13.029 [main] INFO  org.springframework.web.context.ContextLoader - Root WebApplicationContext: initialization started
14:38:13.191 [main] INFO  org.springframework.web.context.support.XmlWebApplicationContext - Refreshing Root WebApplicationContext: startup date [Wed Jul 29 14:38:13 CST 2015]; root of context hierarchy
14:38:13.278 [main] INFO  org.springframework.beans.factory.xml.XmlBeanDefinitionReader - Loading XML bean definitions from URL [file:/D:/sso/apache-tomcat-6.0.30/webapps/ROOT/WEB-INF/classes/application-context.xml]
14:38:13.641 [main] INFO  org.springframework.beans.factory.xml.XmlBeanDefinitionReader - Loading XML bean definitions from URL [file:/D:/sso/apache-tomcat-6.0.30/webapps/ROOT/WEB-INF/classes/datasource-dev.xml]
14:38:14.485 [main] INFO  com.alibaba.druid.pool.DruidDataSource - {dataSource-1} inited
14:38:14.943 [main] INFO  org.hibernate.validator.internal.util.Version - HV000001: Hibernate Validator 5.0.2.Final
14:38:15.669 [main] INFO  org.springframework.web.context.ContextLoader - Root WebApplicationContext: initialization completed in 2635 ms
14:38:15.727 [main] INFO  org.springframework.web.servlet.DispatcherServlet - FrameworkServlet 'springServlet': initialization started
14:38:15.731 [main] INFO  org.springframework.web.context.support.XmlWebApplicationContext - Refreshing WebApplicationContext for namespace 'springServlet-servlet': startup date [Wed Jul 29 14:38:15 CST 2015]; parent: Root WebApplicationContext
14:38:15.734 [main] INFO  org.springframework.beans.factory.xml.XmlBeanDefinitionReader - Loading XML bean definitions from ServletContext resource [/WEB-INF/spring-mvc.xml]
14:38:16.009 [main] INFO  org.springframework.beans.factory.config.PropertyPlaceholderConfigurer - Loading properties file from class path resource [env.properties]
14:38:16.304 [main] INFO  org.springframework.web.servlet.mvc.method.annotation.RequestMappingHandlerMapping - Mapped "{[/api/sso/check_user_exist || /api/sso/checkUserExist],methods=[POST],params=[],headers=[],consumes=[],produces=[application/json],custom=[]}" onto public org.springframework.http.ResponseEntity com.alibaba.sharing.platform.demo.sso.api.SSORestApiController.checkUserExist(java.lang.String,java.lang.String,java.lang.String)
14:38:16.305 [main] INFO  org.springframework.web.servlet.mvc.method.annotation.RequestMappingHandlerMapping - Mapped "{[/api/sso/get_login_user || /api/sso/getLoginUser],methods=[POST],params=[],headers=[],consumes=[],produces=[application/json],custom=[]}" onto public org.springframework.http.ResponseEntity com.alibaba.sharing.platform.demo.sso.api.SSORestApiController.getLoginUser(java.lang.String,java.lang.String,java.lang.String)
14:38:16.308 [main] INFO  org.springframework.web.servlet.mvc.method.annotation.RequestMappingHandlerMapping - Mapped "{[/sso/logout],methods=[GET],params=[],headers=[],consumes=[],produces=[],custom=[]}" onto public java.lang.String com.alibaba.sharing.platform.demo.sso.web.sso.SSOController.logout(javax.servlet.http.HttpServletRequest,javax.servlet.http.HttpServletResponse,org.springframework.ui.Model) throws java.io.IOException
14:38:16.309 [main] INFO  org.springframework.web.servlet.mvc.method.annotation.RequestMappingHandlerMapping - Mapped "{[/sso/login],methods=[GET || POST],params=[],headers=[],consumes=[],produces=[],custom=[]}" onto public java.lang.String com.alibaba.sharing.platform.demo.sso.web.sso.SSOController.login(javax.servlet.http.HttpServletRequest,javax.servlet.http.HttpServletResponse,org.springframework.ui.Model) throws java.io.IOException
14:38:16.311 [main] INFO  org.springframework.web.servlet.mvc.method.annotation.RequestMappingHandlerMapping - Mapped "{[/],methods=[GET],params=[],headers=[],consumes=[],produces=[],custom=[]}" onto public java.lang.String com.alibaba.sharing.platform.demo.uic.web.IndexController.index(org.springframework.ui.Model)
14:38:16.315 [main] INFO  org.springframework.web.servlet.mvc.method.annotation.RequestMappingHandlerMapping - Mapped "{[/account/update],methods=[GET || POST],params=[],headers=[],consumes=[],produces=[],custom=[]}" onto public java.lang.String com.alibaba.sharing.platform.demo.uic.web.system.account.AccountController.update(javax.servlet.http.HttpServletRequest,org.springframework.ui.Model) throws java.io.IOException
14:38:16.317 [main] INFO  org.springframework.web.servlet.mvc.method.annotation.RequestMappingHandlerMapping - Mapped "{[/account/register],methods=[GET || POST],params=[],headers=[],consumes=[],produces=[],custom=[]}" onto public java.lang.String com.alibaba.sharing.platform.demo.uic.web.system.account.AccountController.register(javax.servlet.http.HttpServletRequest,org.springframework.ui.Model) throws java.io.IOException
14:38:16.319 [main] INFO  org.springframework.web.servlet.mvc.method.annotation.RequestMappingHandlerMapping - Mapped "{[/account/init],methods=[GET || POST],params=[],headers=[],consumes=[],produces=[],custom=[]}" onto public java.lang.String com.alibaba.sharing.platform.demo.uic.web.system.account.AccountController.init(javax.servlet.http.HttpServletRequest,org.springframework.ui.Model) throws java.io.IOException
14:38:16.321 [main] INFO  org.springframework.web.servlet.mvc.method.annotation.RequestMappingHandlerMapping - Mapped "{[/account/check],methods=[GET || POST],params=[],headers=[],consumes=[],produces=[],custom=[]}" onto public java.lang.String com.alibaba.sharing.platform.demo.uic.web.system.account.AccountController.check(javax.servlet.http.HttpServletRequest,org.springframework.ui.Model) throws java.io.IOException
14:38:16.324 [main] INFO  org.springframework.web.servlet.mvc.method.annotation.RequestMappingHandlerMapping - Mapped "{[/account/batch],methods=[GET || POST],params=[],headers=[],consumes=[],produces=[],custom=[]}" onto public java.lang.String com.alibaba.sharing.platform.demo.uic.web.system.account.AccountController.batch(javax.servlet.http.HttpServletRequest,org.springframework.ui.Model) throws java.io.IOException
14:38:16.326 [main] INFO  org.springframework.web.servlet.mvc.method.annotation.RequestMappingHandlerMapping - Mapped "{[/account/app],methods=[GET || POST],params=[],headers=[],consumes=[],produces=[],custom=[]}" onto public java.lang.String com.alibaba.sharing.platform.demo.uic.web.system.account.AccountController.app(javax.servlet.http.HttpServletRequest,org.springframework.ui.Model) throws java.io.IOException
14:38:16.829 [main] INFO  org.springframework.web.servlet.view.velocity.VelocityConfigurer - Loading Velocity config from [ServletContext resource [/WEB-INF/velocity.properties]]
14:38:16.835 [main] INFO  org.springframework.web.servlet.view.velocity.VelocityConfigurer - ClasspathResourceLoader with name 'springMacro' added to configured VelocityEngine
14:38:17.015 [main] INFO  org.springframework.web.servlet.handler.SimpleUrlHandlerMapping - Mapped URL path [/**] onto handler 'org.springframework.web.servlet.resource.DefaultServletHttpRequestHandler#0'
14:38:17.057 [main] INFO  org.springframework.web.servlet.DispatcherServlet - FrameworkServlet 'springServlet': initialization completed in 1329 ms
14:43:13.873 [http-443-1] INFO  org.apache.velocity.tools.view.servlet.ServletToolboxManager - Using config file '/WEB-INF/velocityToolBox.xml'
14:43:13.873 [http-443-1] WARN  org.apache.velocity.tools.view.XMLToolboxManager - XMLToolboxManager has been deprecated. Please use org.apache.velocity.tools.ToolboxFactory instead.
14:43:13.873 [http-443-1] WARN  org.apache.velocity.tools.view.servlet.ServletToolboxManager - ServletToolboxManager has been deprecated. Please use org.apache.velocity.tools.ToolboxFactory instead.
14:51:43.978 [http-80-2] INFO  com.alibaba.sharing.platform.demo.sso.api.RestApiBaseController - api:get_login_user, account:uic, access-key:16ae450f970448619c3ce7193982089e, remote-addr:127.0.0.1, data:{"ssoInfo":"PETnRTE/bf6vExbsjzBs2WVcqeklWpn1x0X+NEHjx+t8yDXiNODRv6mi6P0V5qLKZe16srN5/YV/jbGa08mWmjhoNrKc3bOEh2a8/4B1SGU=","timestamp":1438152703940,"version":"1.0"}
14:51:44.033 [http-80-2] INFO  com.alibaba.sharing.platform.demo.sso.api.RestApiBaseController - http-code:200, error-code:0, error-message:Success
14:59:19.766 [main] INFO  org.springframework.web.context.ContextLoader - Root WebApplicationContext: initialization started
14:59:19.952 [main] INFO  org.springframework.web.context.support.XmlWebApplicationContext - Refreshing Root WebApplicationContext: startup date [Wed Jul 29 14:59:19 CST 2015]; root of context hierarchy
14:59:20.054 [main] INFO  org.springframework.beans.factory.xml.XmlBeanDefinitionReader - Loading XML bean definitions from URL [file:/D:/sso/apache-tomcat-6.0.30/webapps/ROOT/WEB-INF/classes/application-context.xml]
14:59:20.442 [main] INFO  org.springframework.beans.factory.xml.XmlBeanDefinitionReader - Loading XML bean definitions from URL [file:/D:/sso/apache-tomcat-6.0.30/webapps/ROOT/WEB-INF/classes/datasource-dev.xml]
14:59:21.307 [main] INFO  com.alibaba.druid.pool.DruidDataSource - {dataSource-1} inited
14:59:21.746 [main] INFO  org.hibernate.validator.internal.util.Version - HV000001: Hibernate Validator 5.0.2.Final
14:59:22.438 [main] INFO  org.springframework.web.context.ContextLoader - Root WebApplicationContext: initialization completed in 2667 ms
14:59:22.489 [main] INFO  org.springframework.web.servlet.DispatcherServlet - FrameworkServlet 'springServlet': initialization started
14:59:22.493 [main] INFO  org.springframework.web.context.support.XmlWebApplicationContext - Refreshing WebApplicationContext for namespace 'springServlet-servlet': startup date [Wed Jul 29 14:59:22 CST 2015]; parent: Root WebApplicationContext
14:59:22.497 [main] INFO  org.springframework.beans.factory.xml.XmlBeanDefinitionReader - Loading XML bean definitions from ServletContext resource [/WEB-INF/spring-mvc.xml]
14:59:22.703 [main] INFO  org.springframework.beans.factory.config.PropertyPlaceholderConfigurer - Loading properties file from class path resource [env.properties]
14:59:22.906 [main] INFO  org.springframework.web.servlet.mvc.method.annotation.RequestMappingHandlerMapping - Mapped "{[/api/sso/get_login_user || /api/sso/getLoginUser],methods=[POST],params=[],headers=[],consumes=[],produces=[application/json],custom=[]}" onto public org.springframework.http.ResponseEntity com.alibaba.sharing.platform.demo.sso.api.SSORestApiController.getLoginUser(java.lang.String,java.lang.String,java.lang.String)
14:59:22.908 [main] INFO  org.springframework.web.servlet.mvc.method.annotation.RequestMappingHandlerMapping - Mapped "{[/api/sso/check_user_exist || /api/sso/checkUserExist],methods=[POST],params=[],headers=[],consumes=[],produces=[application/json],custom=[]}" onto public org.springframework.http.ResponseEntity com.alibaba.sharing.platform.demo.sso.api.SSORestApiController.checkUserExist(java.lang.String,java.lang.String,java.lang.String)
14:59:22.911 [main] INFO  org.springframework.web.servlet.mvc.method.annotation.RequestMappingHandlerMapping - Mapped "{[/sso/login],methods=[GET || POST],params=[],headers=[],consumes=[],produces=[],custom=[]}" onto public java.lang.String com.alibaba.sharing.platform.demo.sso.web.sso.SSOController.login(javax.servlet.http.HttpServletRequest,javax.servlet.http.HttpServletResponse,org.springframework.ui.Model) throws java.io.IOException
14:59:22.913 [main] INFO  org.springframework.web.servlet.mvc.method.annotation.RequestMappingHandlerMapping - Mapped "{[/sso/logout],methods=[GET],params=[],headers=[],consumes=[],produces=[],custom=[]}" onto public java.lang.String com.alibaba.sharing.platform.demo.sso.web.sso.SSOController.logout(javax.servlet.http.HttpServletRequest,javax.servlet.http.HttpServletResponse,org.springframework.ui.Model) throws java.io.IOException
14:59:22.915 [main] INFO  org.springframework.web.servlet.mvc.method.annotation.RequestMappingHandlerMapping - Mapped "{[/],methods=[GET],params=[],headers=[],consumes=[],produces=[],custom=[]}" onto public java.lang.String com.alibaba.sharing.platform.demo.uic.web.IndexController.index(org.springframework.ui.Model)
14:59:22.920 [main] INFO  org.springframework.web.servlet.mvc.method.annotation.RequestMappingHandlerMapping - Mapped "{[/account/register],methods=[GET || POST],params=[],headers=[],consumes=[],produces=[],custom=[]}" onto public java.lang.String com.alibaba.sharing.platform.demo.uic.web.system.account.AccountController.register(javax.servlet.http.HttpServletRequest,org.springframework.ui.Model) throws java.io.IOException
14:59:22.922 [main] INFO  org.springframework.web.servlet.mvc.method.annotation.RequestMappingHandlerMapping - Mapped "{[/account/init],methods=[GET || POST],params=[],headers=[],consumes=[],produces=[],custom=[]}" onto public java.lang.String com.alibaba.sharing.platform.demo.uic.web.system.account.AccountController.init(javax.servlet.http.HttpServletRequest,org.springframework.ui.Model) throws java.io.IOException
14:59:22.923 [main] INFO  org.springframework.web.servlet.mvc.method.annotation.RequestMappingHandlerMapping - Mapped "{[/account/update],methods=[GET || POST],params=[],headers=[],consumes=[],produces=[],custom=[]}" onto public java.lang.String com.alibaba.sharing.platform.demo.uic.web.system.account.AccountController.update(javax.servlet.http.HttpServletRequest,org.springframework.ui.Model) throws java.io.IOException
14:59:22.925 [main] INFO  org.springframework.web.servlet.mvc.method.annotation.RequestMappingHandlerMapping - Mapped "{[/account/check],methods=[GET || POST],params=[],headers=[],consumes=[],produces=[],custom=[]}" onto public java.lang.String com.alibaba.sharing.platform.demo.uic.web.system.account.AccountController.check(javax.servlet.http.HttpServletRequest,org.springframework.ui.Model) throws java.io.IOException
14:59:22.927 [main] INFO  org.springframework.web.servlet.mvc.method.annotation.RequestMappingHandlerMapping - Mapped "{[/account/app],methods=[GET || POST],params=[],headers=[],consumes=[],produces=[],custom=[]}" onto public java.lang.String com.alibaba.sharing.platform.demo.uic.web.system.account.AccountController.app(javax.servlet.http.HttpServletRequest,org.springframework.ui.Model) throws java.io.IOException
14:59:22.928 [main] INFO  org.springframework.web.servlet.mvc.method.annotation.RequestMappingHandlerMapping - Mapped "{[/account/batch],methods=[GET || POST],params=[],headers=[],consumes=[],produces=[],custom=[]}" onto public java.lang.String com.alibaba.sharing.platform.demo.uic.web.system.account.AccountController.batch(javax.servlet.http.HttpServletRequest,org.springframework.ui.Model) throws java.io.IOException
14:59:23.389 [main] INFO  org.springframework.web.servlet.view.velocity.VelocityConfigurer - Loading Velocity config from [ServletContext resource [/WEB-INF/velocity.properties]]
14:59:23.394 [main] INFO  org.springframework.web.servlet.view.velocity.VelocityConfigurer - ClasspathResourceLoader with name 'springMacro' added to configured VelocityEngine
14:59:23.556 [main] INFO  org.springframework.web.servlet.handler.SimpleUrlHandlerMapping - Mapped URL path [/**] onto handler 'org.springframework.web.servlet.resource.DefaultServletHttpRequestHandler#0'
14:59:23.591 [main] INFO  org.springframework.web.servlet.DispatcherServlet - FrameworkServlet 'springServlet': initialization completed in 1101 ms
14:59:39.419 [http-443-1] INFO  org.apache.velocity.tools.view.servlet.ServletToolboxManager - Using config file '/WEB-INF/velocityToolBox.xml'
14:59:39.420 [http-443-1] WARN  org.apache.velocity.tools.view.XMLToolboxManager - XMLToolboxManager has been deprecated. Please use org.apache.velocity.tools.ToolboxFactory instead.
14:59:39.420 [http-443-1] WARN  org.apache.velocity.tools.view.servlet.ServletToolboxManager - ServletToolboxManager has been deprecated. Please use org.apache.velocity.tools.ToolboxFactory instead.
14:59:48.330 [http-80-2] INFO  com.alibaba.sharing.platform.demo.sso.api.RestApiBaseController - api:get_login_user, account:uic, access-key:16ae450f970448619c3ce7193982089e, remote-addr:127.0.0.1, data:{"ssoInfo":"PETnRTE/bf6vExbsjzBs2WVcqeklWpn1x0X+NEHjx+t8yDXiNODRv6mi6P0V5qLKmhX+fhfdFZ2H1VdYQgphqzhoNrKc3bOEh2a8/4B1SGU=","timestamp":1438153188286,"version":"1.0"}
14:59:48.403 [http-80-2] INFO  com.alibaba.sharing.platform.demo.sso.api.RestApiBaseController - http-code:200, error-code:0, error-message:Success
15:02:33.964 [http-80-2] INFO  com.alibaba.sharing.platform.demo.sso.api.RestApiBaseController - api:get_login_user, account:uic, access-key:16ae450f970448619c3ce7193982089e, remote-addr:127.0.0.1, data:{"ssoInfo":"PETnRTE/bf6vExbsjzBs2WVcqeklWpn1x0X+NEHjx+t8yDXiNODRv6mi6P0V5qLKQ+B2f0sYKt1v41iE2csPdThoNrKc3bOEh2a8/4B1SGU=","timestamp":1438153353956,"version":"1.0"}
15:02:33.976 [http-80-2] INFO  com.alibaba.sharing.platform.demo.sso.api.RestApiBaseController - http-code:200, error-code:0, error-message:Success
15:13:04.928 [http-80-3] INFO  com.alibaba.sharing.platform.demo.sso.api.RestApiBaseController - api:get_login_user, account:uic, access-key:16ae450f970448619c3ce7193982089e, remote-addr:127.0.0.1, data:{"ssoInfo":"PETnRTE/bf6vExbsjzBs2WVcqeklWpn1x0X+NEHjx+t8yDXiNODRv6mi6P0V5qLKOayGosOjUb6MUznYB7WhKzhoNrKc3bOEh2a8/4B1SGU=","timestamp":1438153984922,"version":"1.0"}
15:13:04.940 [http-80-3] INFO  com.alibaba.sharing.platform.demo.sso.api.RestApiBaseController - http-code:200, error-code:0, error-message:Success
15:19:51.548 [http-80-3] INFO  com.alibaba.sharing.platform.demo.sso.api.RestApiBaseController - api:get_login_user, account:uic, access-key:16ae450f970448619c3ce7193982089e, remote-addr:127.0.0.1, data:{"ssoInfo":"PETnRTE/bf6vExbsjzBs2WVcqeklWpn1x0X+NEHjx+t8yDXiNODRv6mi6P0V5qLKGaeN7Q9Vvw8wJebchQhjCDhoNrKc3bOEh2a8/4B1SGU=","timestamp":1438154391542,"version":"1.0"}
15:19:51.563 [http-80-3] INFO  com.alibaba.sharing.platform.demo.sso.api.RestApiBaseController - http-code:200, error-code:0, error-message:Success
15:25:18.157 [http-80-1] INFO  org.springframework.beans.factory.xml.XmlBeanDefinitionReader - Loading XML bean definitions from class path resource [org/springframework/jdbc/support/sql-error-codes.xml]
15:25:18.184 [http-80-1] INFO  org.springframework.jdbc.support.SQLErrorCodesFactory - SQLErrorCodes loaded: [DB2, Derby, H2, HSQL, Informix, MS-SQL, MySQL, Oracle, PostgreSQL, Sybase]
15:38:27.861 [http-80-3] INFO  com.alibaba.sharing.platform.demo.sso.api.RestApiBaseController - api:get_login_user, account:uic, access-key:16ae450f970448619c3ce7193982089e, remote-addr:127.0.0.1, data:{"ssoInfo":"PETnRTE/bf6vExbsjzBs2WVcqeklWpn1x0X+NEHjx+t8yDXiNODRv6mi6P0V5qLKKKsndoQHpmZRW0oCQQNu+DhoNrKc3bOEh2a8/4B1SGU=","timestamp":1438155507854,"version":"1.0"}
15:38:27.872 [http-80-3] INFO  com.alibaba.sharing.platform.demo.sso.api.RestApiBaseController - http-code:200, error-code:0, error-message:Success
16:00:12.803 [main] INFO  org.springframework.web.context.ContextLoader - Root WebApplicationContext: initialization started
16:00:12.975 [main] INFO  org.springframework.web.context.support.XmlWebApplicationContext - Refreshing Root WebApplicationContext: startup date [Wed Jul 29 16:00:12 CST 2015]; root of context hierarchy
16:00:13.084 [main] INFO  org.springframework.beans.factory.xml.XmlBeanDefinitionReader - Loading XML bean definitions from URL [file:/D:/sso/apache-tomcat-6.0.30/webapps/ROOT/WEB-INF/classes/application-context.xml]
16:00:13.412 [main] INFO  org.springframework.beans.factory.xml.XmlBeanDefinitionReader - Loading XML bean definitions from URL [file:/D:/sso/apache-tomcat-6.0.30/webapps/ROOT/WEB-INF/classes/datasource-dev.xml]
16:00:14.209 [main] INFO  com.alibaba.druid.pool.DruidDataSource - {dataSource-1} inited
16:00:14.631 [main] INFO  org.hibernate.validator.internal.util.Version - HV000001: Hibernate Validator 5.0.2.Final
16:00:15.225 [main] INFO  org.springframework.web.context.ContextLoader - Root WebApplicationContext: initialization completed in 2407 ms
16:00:15.272 [main] INFO  org.springframework.web.servlet.DispatcherServlet - FrameworkServlet 'springServlet': initialization started
16:00:15.272 [main] INFO  org.springframework.web.context.support.XmlWebApplicationContext - Refreshing WebApplicationContext for namespace 'springServlet-servlet': startup date [Wed Jul 29 16:00:15 CST 2015]; parent: Root WebApplicationContext
16:00:15.287 [main] INFO  org.springframework.beans.factory.xml.XmlBeanDefinitionReader - Loading XML bean definitions from ServletContext resource [/WEB-INF/spring-mvc.xml]
16:00:15.490 [main] INFO  org.springframework.beans.factory.config.PropertyPlaceholderConfigurer - Loading properties file from class path resource [env.properties]
16:00:15.662 [main] INFO  org.springframework.web.servlet.mvc.method.annotation.RequestMappingHandlerMapping - Mapped "{[/api/sso/get_login_user || /api/sso/getLoginUser],methods=[POST],params=[],headers=[],consumes=[],produces=[application/json],custom=[]}" onto public org.springframework.http.ResponseEntity com.alibaba.sharing.platform.demo.sso.api.SSORestApiController.getLoginUser(java.lang.String,java.lang.String,java.lang.String)
16:00:15.662 [main] INFO  org.springframework.web.servlet.mvc.method.annotation.RequestMappingHandlerMapping - Mapped "{[/api/sso/check_user_exist || /api/sso/checkUserExist],methods=[POST],params=[],headers=[],consumes=[],produces=[application/json],custom=[]}" onto public org.springframework.http.ResponseEntity com.alibaba.sharing.platform.demo.sso.api.SSORestApiController.checkUserExist(java.lang.String,java.lang.String,java.lang.String)
16:00:15.678 [main] INFO  org.springframework.web.servlet.mvc.method.annotation.RequestMappingHandlerMapping - Mapped "{[/sso/login],methods=[GET || POST],params=[],headers=[],consumes=[],produces=[],custom=[]}" onto public java.lang.String com.alibaba.sharing.platform.demo.sso.web.sso.SSOController.login(javax.servlet.http.HttpServletRequest,javax.servlet.http.HttpServletResponse,org.springframework.ui.Model) throws java.io.IOException
16:00:15.678 [main] INFO  org.springframework.web.servlet.mvc.method.annotation.RequestMappingHandlerMapping - Mapped "{[/sso/logout],methods=[GET],params=[],headers=[],consumes=[],produces=[],custom=[]}" onto public java.lang.String com.alibaba.sharing.platform.demo.sso.web.sso.SSOController.logout(javax.servlet.http.HttpServletRequest,javax.servlet.http.HttpServletResponse,org.springframework.ui.Model) throws java.io.IOException
16:00:15.678 [main] INFO  org.springframework.web.servlet.mvc.method.annotation.RequestMappingHandlerMapping - Mapped "{[/],methods=[GET],params=[],headers=[],consumes=[],produces=[],custom=[]}" onto public java.lang.String com.alibaba.sharing.platform.demo.uic.web.IndexController.index(org.springframework.ui.Model)
16:00:15.678 [main] INFO  org.springframework.web.servlet.mvc.method.annotation.RequestMappingHandlerMapping - Mapped "{[/account/update],methods=[GET || POST],params=[],headers=[],consumes=[],produces=[],custom=[]}" onto public java.lang.String com.alibaba.sharing.platform.demo.uic.web.system.account.AccountController.update(javax.servlet.http.HttpServletRequest,org.springframework.ui.Model) throws java.io.IOException
16:00:15.678 [main] INFO  org.springframework.web.servlet.mvc.method.annotation.RequestMappingHandlerMapping - Mapped "{[/account/register],methods=[GET || POST],params=[],headers=[],consumes=[],produces=[],custom=[]}" onto public java.lang.String com.alibaba.sharing.platform.demo.uic.web.system.account.AccountController.register(javax.servlet.http.HttpServletRequest,org.springframework.ui.Model) throws java.io.IOException
16:00:15.678 [main] INFO  org.springframework.web.servlet.mvc.method.annotation.RequestMappingHandlerMapping - Mapped "{[/account/init],methods=[GET || POST],params=[],headers=[],consumes=[],produces=[],custom=[]}" onto public java.lang.String com.alibaba.sharing.platform.demo.uic.web.system.account.AccountController.init(javax.servlet.http.HttpServletRequest,org.springframework.ui.Model) throws java.io.IOException
16:00:15.678 [main] INFO  org.springframework.web.servlet.mvc.method.annotation.RequestMappingHandlerMapping - Mapped "{[/account/check],methods=[GET || POST],params=[],headers=[],consumes=[],produces=[],custom=[]}" onto public java.lang.String com.alibaba.sharing.platform.demo.uic.web.system.account.AccountController.check(javax.servlet.http.HttpServletRequest,org.springframework.ui.Model) throws java.io.IOException
16:00:15.678 [main] INFO  org.springframework.web.servlet.mvc.method.annotation.RequestMappingHandlerMapping - Mapped "{[/account/app],methods=[GET || POST],params=[],headers=[],consumes=[],produces=[],custom=[]}" onto public java.lang.String com.alibaba.sharing.platform.demo.uic.web.system.account.AccountController.app(javax.servlet.http.HttpServletRequest,org.springframework.ui.Model) throws java.io.IOException
16:00:15.678 [main] INFO  org.springframework.web.servlet.mvc.method.annotation.RequestMappingHandlerMapping - Mapped "{[/account/batch],methods=[GET || POST],params=[],headers=[],consumes=[],produces=[],custom=[]}" onto public java.lang.String com.alibaba.sharing.platform.demo.uic.web.system.account.AccountController.batch(javax.servlet.http.HttpServletRequest,org.springframework.ui.Model) throws java.io.IOException
16:00:16.022 [main] INFO  org.springframework.web.servlet.view.velocity.VelocityConfigurer - Loading Velocity config from [ServletContext resource [/WEB-INF/velocity.properties]]
16:00:16.037 [main] INFO  org.springframework.web.servlet.view.velocity.VelocityConfigurer - ClasspathResourceLoader with name 'springMacro' added to configured VelocityEngine
16:00:16.256 [main] INFO  org.springframework.web.servlet.handler.SimpleUrlHandlerMapping - Mapped URL path [/**] onto handler 'org.springframework.web.servlet.resource.DefaultServletHttpRequestHandler#0'
16:00:16.287 [main] INFO  org.springframework.web.servlet.DispatcherServlet - FrameworkServlet 'springServlet': initialization completed in 1015 ms
16:00:57.595 [http-80-2] INFO  com.alibaba.sharing.platform.demo.sso.api.RestApiBaseController - api:get_login_user, account:uic, access-key:16ae450f970448619c3ce7193982089e, remote-addr:127.0.0.1, data:{"ssoInfo":"PETnRTE/bf6vExbsjzBs2WVcqeklWpn1x0X+NEHjx+t8yDXiNODRv6mi6P0V5qLKKKsndoQHpmZRW0oCQQNu+DhoNrKc3bOEh2a8/4B1SGU=","timestamp":1438156856955,"version":"1.0"}
16:00:57.751 [http-80-2] INFO  com.alibaba.sharing.platform.demo.sso.api.RestApiBaseController - http-code:200, error-code:0, error-message:Success
16:00:58.001 [http-80-1] INFO  org.apache.velocity.tools.view.servlet.ServletToolboxManager - Using config file '/WEB-INF/velocityToolBox.xml'
16:00:58.001 [http-80-1] WARN  org.apache.velocity.tools.view.XMLToolboxManager - XMLToolboxManager has been deprecated. Please use org.apache.velocity.tools.ToolboxFactory instead.
16:00:58.001 [http-80-1] WARN  org.apache.velocity.tools.view.servlet.ServletToolboxManager - ServletToolboxManager has been deprecated. Please use org.apache.velocity.tools.ToolboxFactory instead.
16:01:30.669 [http-80-2] INFO  com.alibaba.sharing.platform.demo.sso.api.RestApiBaseController - api:get_login_user, account:uic, access-key:16ae450f970448619c3ce7193982089e, remote-addr:127.0.0.1, data:{"ssoInfo":"PETnRTE/bf6vExbsjzBs2WVcqeklWpn1x0X+NEHjx+t8yDXiNODRv6mi6P0V5qLK+Eb4+74fmIHVB8c2L6ylJzhoNrKc3bOEh2a8/4B1SGU=","timestamp":1438156890663,"version":"1.0"}
16:01:30.683 [http-80-2] INFO  com.alibaba.sharing.platform.demo.sso.api.RestApiBaseController - http-code:200, error-code:0, error-message:Success
16:02:31.992 [main] INFO  org.springframework.web.context.ContextLoader - Root WebApplicationContext: initialization started
16:02:32.156 [main] INFO  org.springframework.web.context.support.XmlWebApplicationContext - Refreshing Root WebApplicationContext: startup date [Wed Jul 29 16:02:32 CST 2015]; root of context hierarchy
16:02:32.255 [main] INFO  org.springframework.beans.factory.xml.XmlBeanDefinitionReader - Loading XML bean definitions from URL [file:/D:/sso/apache-tomcat-6.0.30/webapps/ROOT/WEB-INF/classes/application-context.xml]
16:02:32.650 [main] INFO  org.springframework.beans.factory.xml.XmlBeanDefinitionReader - Loading XML bean definitions from URL [file:/D:/sso/apache-tomcat-6.0.30/webapps/ROOT/WEB-INF/classes/datasource-dev.xml]
16:02:33.526 [main] INFO  com.alibaba.druid.pool.DruidDataSource - {dataSource-1} inited
16:02:34.025 [main] INFO  org.hibernate.validator.internal.util.Version - HV000001: Hibernate Validator 5.0.2.Final
16:02:34.665 [main] INFO  org.springframework.web.context.ContextLoader - Root WebApplicationContext: initialization completed in 2667 ms
16:02:34.726 [main] INFO  org.springframework.web.servlet.DispatcherServlet - FrameworkServlet 'springServlet': initialization started
16:02:34.730 [main] INFO  org.springframework.web.context.support.XmlWebApplicationContext - Refreshing WebApplicationContext for namespace 'springServlet-servlet': startup date [Wed Jul 29 16:02:34 CST 2015]; parent: Root WebApplicationContext
16:02:34.734 [main] INFO  org.springframework.beans.factory.xml.XmlBeanDefinitionReader - Loading XML bean definitions from ServletContext resource [/WEB-INF/spring-mvc.xml]
16:02:34.972 [main] INFO  org.springframework.beans.factory.config.PropertyPlaceholderConfigurer - Loading properties file from class path resource [env.properties]
16:02:35.210 [main] INFO  org.springframework.web.servlet.mvc.method.annotation.RequestMappingHandlerMapping - Mapped "{[/api/sso/check_user_exist || /api/sso/checkUserExist],methods=[POST],params=[],headers=[],consumes=[],produces=[application/json],custom=[]}" onto public org.springframework.http.ResponseEntity com.alibaba.sharing.platform.demo.sso.api.SSORestApiController.checkUserExist(java.lang.String,java.lang.String,java.lang.String)
16:02:35.212 [main] INFO  org.springframework.web.servlet.mvc.method.annotation.RequestMappingHandlerMapping - Mapped "{[/api/sso/get_login_user || /api/sso/getLoginUser],methods=[POST],params=[],headers=[],consumes=[],produces=[application/json],custom=[]}" onto public org.springframework.http.ResponseEntity com.alibaba.sharing.platform.demo.sso.api.SSORestApiController.getLoginUser(java.lang.String,java.lang.String,java.lang.String)
16:02:35.215 [main] INFO  org.springframework.web.servlet.mvc.method.annotation.RequestMappingHandlerMapping - Mapped "{[/sso/login],methods=[GET || POST],params=[],headers=[],consumes=[],produces=[],custom=[]}" onto public java.lang.String com.alibaba.sharing.platform.demo.sso.web.sso.SSOController.login(javax.servlet.http.HttpServletRequest,javax.servlet.http.HttpServletResponse,org.springframework.ui.Model) throws java.io.IOException
16:02:35.216 [main] INFO  org.springframework.web.servlet.mvc.method.annotation.RequestMappingHandlerMapping - Mapped "{[/sso/logout],methods=[GET],params=[],headers=[],consumes=[],produces=[],custom=[]}" onto public java.lang.String com.alibaba.sharing.platform.demo.sso.web.sso.SSOController.logout(javax.servlet.http.HttpServletRequest,javax.servlet.http.HttpServletResponse,org.springframework.ui.Model) throws java.io.IOException
16:02:35.218 [main] INFO  org.springframework.web.servlet.mvc.method.annotation.RequestMappingHandlerMapping - Mapped "{[/],methods=[GET],params=[],headers=[],consumes=[],produces=[],custom=[]}" onto public java.lang.String com.alibaba.sharing.platform.demo.uic.web.IndexController.index(org.springframework.ui.Model)
16:02:35.222 [main] INFO  org.springframework.web.servlet.mvc.method.annotation.RequestMappingHandlerMapping - Mapped "{[/account/update],methods=[GET || POST],params=[],headers=[],consumes=[],produces=[],custom=[]}" onto public java.lang.String com.alibaba.sharing.platform.demo.uic.web.system.account.AccountController.update(javax.servlet.http.HttpServletRequest,org.springframework.ui.Model) throws java.io.IOException
16:02:35.224 [main] INFO  org.springframework.web.servlet.mvc.method.annotation.RequestMappingHandlerMapping - Mapped "{[/account/register],methods=[GET || POST],params=[],headers=[],consumes=[],produces=[],custom=[]}" onto public java.lang.String com.alibaba.sharing.platform.demo.uic.web.system.account.AccountController.register(javax.servlet.http.HttpServletRequest,org.springframework.ui.Model) throws java.io.IOException
16:02:35.226 [main] INFO  org.springframework.web.servlet.mvc.method.annotation.RequestMappingHandlerMapping - Mapped "{[/account/init],methods=[GET || POST],params=[],headers=[],consumes=[],produces=[],custom=[]}" onto public java.lang.String com.alibaba.sharing.platform.demo.uic.web.system.account.AccountController.init(javax.servlet.http.HttpServletRequest,org.springframework.ui.Model) throws java.io.IOException
16:02:35.227 [main] INFO  org.springframework.web.servlet.mvc.method.annotation.RequestMappingHandlerMapping - Mapped "{[/account/check],methods=[GET || POST],params=[],headers=[],consumes=[],produces=[],custom=[]}" onto public java.lang.String com.alibaba.sharing.platform.demo.uic.web.system.account.AccountController.check(javax.servlet.http.HttpServletRequest,org.springframework.ui.Model) throws java.io.IOException
16:02:35.229 [main] INFO  org.springframework.web.servlet.mvc.method.annotation.RequestMappingHandlerMapping - Mapped "{[/account/app],methods=[GET || POST],params=[],headers=[],consumes=[],produces=[],custom=[]}" onto public java.lang.String com.alibaba.sharing.platform.demo.uic.web.system.account.AccountController.app(javax.servlet.http.HttpServletRequest,org.springframework.ui.Model) throws java.io.IOException
16:02:35.232 [main] INFO  org.springframework.web.servlet.mvc.method.annotation.RequestMappingHandlerMapping - Mapped "{[/account/batch],methods=[GET || POST],params=[],headers=[],consumes=[],produces=[],custom=[]}" onto public java.lang.String com.alibaba.sharing.platform.demo.uic.web.system.account.AccountController.batch(javax.servlet.http.HttpServletRequest,org.springframework.ui.Model) throws java.io.IOException
16:02:35.736 [main] INFO  org.springframework.web.servlet.view.velocity.VelocityConfigurer - Loading Velocity config from [ServletContext resource [/WEB-INF/velocity.properties]]
16:02:35.743 [main] INFO  org.springframework.web.servlet.view.velocity.VelocityConfigurer - ClasspathResourceLoader with name 'springMacro' added to configured VelocityEngine
16:02:36.009 [main] INFO  org.springframework.web.servlet.handler.SimpleUrlHandlerMapping - Mapped URL path [/**] onto handler 'org.springframework.web.servlet.resource.DefaultServletHttpRequestHandler#0'
16:02:36.053 [main] INFO  org.springframework.web.servlet.DispatcherServlet - FrameworkServlet 'springServlet': initialization completed in 1326 ms
16:02:40.602 [http-80-2] INFO  com.alibaba.sharing.platform.demo.sso.api.RestApiBaseController - api:get_login_user, account:uic, access-key:16ae450f970448619c3ce7193982089e, remote-addr:127.0.0.1, data:{"ssoInfo":"PETnRTE/bf6vExbsjzBs2WVcqeklWpn1x0X+NEHjx+t8yDXiNODRv6mi6P0V5qLK+Eb4+74fmIHVB8c2L6ylJzhoNrKc3bOEh2a8/4B1SGU=","timestamp":1438156960472,"version":"1.0"}
16:02:40.655 [http-80-2] INFO  com.alibaba.sharing.platform.demo.sso.api.RestApiBaseController - http-code:200, error-code:0, error-message:Success
16:02:40.744 [http-80-1] INFO  org.apache.velocity.tools.view.servlet.ServletToolboxManager - Using config file '/WEB-INF/velocityToolBox.xml'
16:02:40.745 [http-80-1] WARN  org.apache.velocity.tools.view.XMLToolboxManager - XMLToolboxManager has been deprecated. Please use org.apache.velocity.tools.ToolboxFactory instead.
16:02:40.745 [http-80-1] WARN  org.apache.velocity.tools.view.servlet.ServletToolboxManager - ServletToolboxManager has been deprecated. Please use org.apache.velocity.tools.ToolboxFactory instead.
